2025-09-10 23:23:40,922 p=191451 u=hemanth n=ansible | ERROR! the role 'jenkins' was not found in /home/hemanth/Documents/Trishala/Ansible/playbooks/roles:/home/hemanth/.ansible/roles:/usr/share/ansible/roles:/etc/ansible/roles:/home/hemanth/Documents/Trishala/Ansible/playbooks

The error appears to be in '/home/hemanth/Documents/Trishala/Ansible/playbooks/site.yml': line 5, column 7, but may
be elsewhere in the file depending on the exact syntax problem.

The offending line appears to be:

  roles:
    - jenkins
      ^ here

2025-09-10 23:25:35,934 p=192060 u=hemanth n=ansible | PLAY [jenkins_server] ************************************************************************************************************
2025-09-10 23:25:35,957 p=192060 u=hemanth n=ansible | TASK [Gathering Facts] ***********************************************************************************************************
2025-09-10 23:25:40,242 p=192060 u=hemanth n=ansible | [WARNING]: Platform linux on host dev-jenkins-server is using the discovered Python interpreter at /usr/bin/python3.9, but future
installation of another Python interpreter could change the meaning of that path. See https://docs.ansible.com/ansible-
core/2.16/reference_appendices/interpreter_discovery.html for more information.

2025-09-10 23:25:40,242 p=192060 u=hemanth n=ansible | ok: [dev-jenkins-server]
2025-09-10 23:25:40,276 p=192060 u=hemanth n=ansible | TASK [jenkins : Install Java] ****************************************************************************************************
2025-09-10 23:25:42,975 p=192060 u=hemanth n=ansible | ok: [dev-jenkins-server]
2025-09-10 23:25:42,990 p=192060 u=hemanth n=ansible | TASK [jenkins : Add Jenkins repository] ******************************************************************************************
2025-09-10 23:25:45,525 p=192060 u=hemanth n=ansible | ok: [dev-jenkins-server]
2025-09-10 23:25:45,540 p=192060 u=hemanth n=ansible | TASK [jenkins : Import Jenkins GPG key] ******************************************************************************************
2025-09-10 23:25:47,713 p=192060 u=hemanth n=ansible | ok: [dev-jenkins-server]
2025-09-10 23:25:47,729 p=192060 u=hemanth n=ansible | TASK [jenkins : Install Jenkins] *************************************************************************************************
2025-09-10 23:25:49,896 p=192060 u=hemanth n=ansible | ok: [dev-jenkins-server]
2025-09-10 23:25:49,913 p=192060 u=hemanth n=ansible | TASK [jenkins : Configure Jenkins] ***********************************************************************************************
2025-09-10 23:25:52,177 p=192060 u=hemanth n=ansible | ok: [dev-jenkins-server] => (item={'regexp': '^JAVA_HOME=', 'line': 'JAVA_HOME=/usr/lib/jvm/java-11-amazon-corretto'})
2025-09-10 23:25:54,077 p=192060 u=hemanth n=ansible | ok: [dev-jenkins-server] => (item={'regexp': '^JENKINS_PORT=', 'line': 'JENKINS_PORT=8080'})
2025-09-10 23:25:54,103 p=192060 u=hemanth n=ansible | TASK [jenkins : Start Jenkins] ***************************************************************************************************
2025-09-10 23:25:57,196 p=192060 u=hemanth n=ansible | fatal: [dev-jenkins-server]: FAILED! => {"changed": false, "msg": "Unable to start service jenkins: Job for jenkins.service failed because the control process exited with error code.\nSee \"systemctl status jenkins.service\" and \"journalctl -xeu jenkins.service\" for details.\n"}
2025-09-10 23:25:57,200 p=192060 u=hemanth n=ansible | PLAY RECAP ***********************************************************************************************************************
2025-09-10 23:25:57,201 p=192060 u=hemanth n=ansible | dev-jenkins-server         : ok=6    changed=0    unreachable=0    failed=1    skipped=0    rescued=0    ignored=0   
2025-09-10 23:31:35,670 p=193866 u=hemanth n=ansible | PLAY [jenkins_server] ************************************************************************************************************
2025-09-10 23:31:35,692 p=193866 u=hemanth n=ansible | TASK [Gathering Facts] ***********************************************************************************************************
2025-09-10 23:31:42,210 p=193866 u=hemanth n=ansible | [WARNING]: Platform linux on host dev-jenkins-server is using the discovered Python interpreter at /usr/bin/python3.9, but future
installation of another Python interpreter could change the meaning of that path. See https://docs.ansible.com/ansible-
core/2.16/reference_appendices/interpreter_discovery.html for more information.

2025-09-10 23:31:42,210 p=193866 u=hemanth n=ansible | ok: [dev-jenkins-server]
2025-09-10 23:31:42,242 p=193866 u=hemanth n=ansible | TASK [jenkins : Update system packages] ******************************************************************************************
2025-09-10 23:31:45,544 p=193866 u=hemanth n=ansible | ok: [dev-jenkins-server]
2025-09-10 23:31:45,559 p=193866 u=hemanth n=ansible | TASK [jenkins : Install Java 11] *************************************************************************************************
2025-09-10 23:31:48,705 p=193866 u=hemanth n=ansible | changed: [dev-jenkins-server]
2025-09-10 23:31:48,720 p=193866 u=hemanth n=ansible | TASK [jenkins : Set JAVA_HOME environment] ***************************************************************************************
2025-09-10 23:31:50,640 p=193866 u=hemanth n=ansible | changed: [dev-jenkins-server]
2025-09-10 23:31:50,653 p=193866 u=hemanth n=ansible | TASK [jenkins : Add Jenkins repository] ******************************************************************************************
2025-09-10 23:31:52,588 p=193866 u=hemanth n=ansible | changed: [dev-jenkins-server]
2025-09-10 23:31:52,602 p=193866 u=hemanth n=ansible | TASK [jenkins : Install Jenkins] *************************************************************************************************
2025-09-10 23:31:54,600 p=193866 u=hemanth n=ansible | ok: [dev-jenkins-server]
2025-09-10 23:31:54,617 p=193866 u=hemanth n=ansible | TASK [jenkins : Create Jenkins directories] **************************************************************************************
2025-09-10 23:31:56,582 p=193866 u=hemanth n=ansible | ok: [dev-jenkins-server] => (item=/var/lib/jenkins)
2025-09-10 23:31:58,216 p=193866 u=hemanth n=ansible | ok: [dev-jenkins-server] => (item=/var/log/jenkins)
2025-09-10 23:31:58,236 p=193866 u=hemanth n=ansible | TASK [jenkins : Configure Jenkins for Amazon Linux] ******************************************************************************
2025-09-10 23:32:02,615 p=193866 u=hemanth n=ansible | changed: [dev-jenkins-server]
2025-09-10 23:32:02,630 p=193866 u=hemanth n=ansible | TASK [jenkins : Start and enable Jenkins] ****************************************************************************************
2025-09-10 23:32:06,180 p=193866 u=hemanth n=ansible | fatal: [dev-jenkins-server]: FAILED! => {"changed": false, "msg": "Unable to start service jenkins: Job for jenkins.service failed because the control process exited with error code.\nSee \"systemctl status jenkins.service\" and \"journalctl -xeu jenkins.service\" for details.\n"}
2025-09-10 23:32:06,185 p=193866 u=hemanth n=ansible | PLAY RECAP ***********************************************************************************************************************
2025-09-10 23:32:06,186 p=193866 u=hemanth n=ansible | dev-jenkins-server         : ok=8    changed=4    unreachable=0    failed=1    skipped=0    rescued=0    ignored=0   
2025-09-11 13:01:51,615 p=48527 u=hemanth n=ansible | ERROR! the role 'common' was not found in /home/hemanth/Documents/Trishala/Ansible/playbooks/roles:/home/hemanth/.ansible/roles:/usr/share/ansible/roles:/etc/ansible/roles:/home/hemanth/Documents/Trishala/Ansible/playbooks

The error appears to be in '/home/hemanth/Documents/Trishala/Ansible/playbooks/site.yml': line 10, column 7, but may
be elsewhere in the file depending on the exact syntax problem.

The offending line appears to be:

  roles:
    - common
      ^ here

2025-09-11 13:04:35,369 p=50041 u=hemanth n=ansible | PLAY [all] ***********************************************************************************************************************
2025-09-11 13:04:35,389 p=50041 u=hemanth n=ansible | TASK [Gathering Facts] ***********************************************************************************************************
2025-09-11 13:04:35,991 p=50041 u=hemanth n=ansible | fatal: [dev-jenkins-server]: UNREACHABLE! => {"changed": false, "msg": "Failed to connect to the host via ssh: Warning: Permanently added '52.66.79.12' (ED25519) to the list of known hosts.\r\nubuntu@52.66.79.12: Permission denied (publickey,gssapi-keyex,gssapi-with-mic).", "unreachable": true}
2025-09-11 13:04:35,992 p=50041 u=hemanth n=ansible | PLAY RECAP ***********************************************************************************************************************
2025-09-11 13:04:35,993 p=50041 u=hemanth n=ansible | dev-jenkins-server         : ok=0    changed=0    unreachable=1    failed=0    skipped=0    rescued=0    ignored=0   
2025-09-11 13:17:33,958 p=57431 u=hemanth n=ansible | PLAY [all] ***********************************************************************************************************************
2025-09-11 13:17:33,977 p=57431 u=hemanth n=ansible | TASK [Gathering Facts] ***********************************************************************************************************
2025-09-11 13:17:37,780 p=57431 u=hemanth n=ansible | ok: [dev-jenkins-server]
2025-09-11 13:17:37,821 p=57431 u=hemanth n=ansible | TASK [common : Update all packages] **********************************************************************************************
2025-09-11 13:17:39,559 p=57431 u=hemanth n=ansible | ok: [dev-jenkins-server]
2025-09-11 13:17:39,572 p=57431 u=hemanth n=ansible | TASK [common : Install required tools] *******************************************************************************************
2025-09-11 13:17:44,302 p=57431 u=hemanth n=ansible | changed: [dev-jenkins-server]
2025-09-11 13:17:44,337 p=57431 u=hemanth n=ansible | TASK [docker : Install Docker] ***************************************************************************************************
2025-09-11 13:17:45,762 p=57431 u=hemanth n=ansible | fatal: [dev-jenkins-server]: FAILED! => {"changed": false, "msg": "No package matching 'docker' is available"}
2025-09-11 13:17:45,765 p=57431 u=hemanth n=ansible | PLAY RECAP ***********************************************************************************************************************
2025-09-11 13:17:45,766 p=57431 u=hemanth n=ansible | dev-jenkins-server         : ok=3    changed=1    unreachable=0    failed=1    skipped=0    rescued=0    ignored=0   
2025-09-11 13:19:49,361 p=58822 u=hemanth n=ansible | PLAY [all] ***********************************************************************************************************************
2025-09-11 13:19:49,376 p=58822 u=hemanth n=ansible | TASK [Gathering Facts] ***********************************************************************************************************
2025-09-11 13:19:54,007 p=58822 u=hemanth n=ansible | ok: [dev-jenkins-server]
2025-09-11 13:19:54,035 p=58822 u=hemanth n=ansible | TASK [common : Update all packages] **********************************************************************************************
2025-09-11 13:19:55,809 p=58822 u=hemanth n=ansible | ok: [dev-jenkins-server]
2025-09-11 13:19:55,823 p=58822 u=hemanth n=ansible | TASK [common : Install required tools] *******************************************************************************************
2025-09-11 13:19:57,106 p=58822 u=hemanth n=ansible | ok: [dev-jenkins-server]
2025-09-11 13:19:57,126 p=58822 u=hemanth n=ansible | TASK [docker : Install dependencies] *********************************************************************************************
2025-09-11 13:20:19,726 p=58822 u=hemanth n=ansible | changed: [dev-jenkins-server]
2025-09-11 13:20:19,740 p=58822 u=hemanth n=ansible | TASK [docker : Add Docker’s official GPG key] ************************************************************************************
2025-09-11 13:20:22,062 p=58822 u=hemanth n=ansible | changed: [dev-jenkins-server]
2025-09-11 13:20:22,076 p=58822 u=hemanth n=ansible | TASK [docker : Set up Docker stable repository] **********************************************************************************
2025-09-11 13:20:31,419 p=58822 u=hemanth n=ansible | changed: [dev-jenkins-server]
2025-09-11 13:20:31,435 p=58822 u=hemanth n=ansible | TASK [docker : Install Docker CE] ************************************************************************************************
2025-09-11 13:21:00,079 p=58822 u=hemanth n=ansible | changed: [dev-jenkins-server]
2025-09-11 13:21:00,099 p=58822 u=hemanth n=ansible | TASK [docker : Start and enable Docker] ******************************************************************************************
2025-09-11 13:21:02,703 p=58822 u=hemanth n=ansible | ok: [dev-jenkins-server]
2025-09-11 13:21:02,720 p=58822 u=hemanth n=ansible | TASK [docker : Add users to docker group] ****************************************************************************************
2025-09-11 13:21:04,245 p=58822 u=hemanth n=ansible | changed: [dev-jenkins-server] => (item=ec2-user)
2025-09-11 13:21:04,271 p=58822 u=hemanth n=ansible | TASK [jenkins : Install Java] ****************************************************************************************************
2025-09-11 13:21:05,959 p=58822 u=hemanth n=ansible | fatal: [dev-jenkins-server]: FAILED! => {"changed": false, "msg": "No package matching 'java-11-openjdk' is available"}
2025-09-11 13:21:05,961 p=58822 u=hemanth n=ansible | PLAY RECAP ***********************************************************************************************************************
2025-09-11 13:21:05,961 p=58822 u=hemanth n=ansible | dev-jenkins-server         : ok=9    changed=5    unreachable=0    failed=1    skipped=0    rescued=0    ignored=0   
2025-09-11 13:23:31,968 p=61023 u=hemanth n=ansible | ERROR! We were unable to read either as JSON nor YAML, these are the errors we got from each:
JSON: Expecting value: line 1 column 1 (char 0)

Syntax Error while loading YAML.
  found unacceptable key (unhashable type: 'AnsibleMapping')

The error appears to be in '/home/hemanth/Documents/Trishala/Ansible/roles/jenkins/tasks/main.yml': line 4, column 12, but may
be elsewhere in the file depending on the exact syntax problem.

The offending line appears to be:

  apt:
    name: {{ jenkins_java_package }}
           ^ here
We could be wrong, but this one looks like it might be an issue with
missing quotes. Always quote template expression brackets when they
start a value. For instance:

    with_items:
      - {{ foo }}

Should be written as:

    with_items:
      - "{{ foo }}"

2025-09-11 13:25:16,140 p=62018 u=hemanth n=ansible | PLAY [all] ***********************************************************************************************************************
2025-09-11 13:25:16,156 p=62018 u=hemanth n=ansible | TASK [Gathering Facts] ***********************************************************************************************************
2025-09-11 13:25:20,179 p=62018 u=hemanth n=ansible | ok: [dev-jenkins-server]
2025-09-11 13:25:20,218 p=62018 u=hemanth n=ansible | TASK [common : Update all packages] **********************************************************************************************
2025-09-11 13:25:51,152 p=62018 u=hemanth n=ansible | changed: [dev-jenkins-server]
2025-09-11 13:25:51,163 p=62018 u=hemanth n=ansible | TASK [common : Install required tools] *******************************************************************************************
2025-09-11 13:25:53,092 p=62018 u=hemanth n=ansible | ok: [dev-jenkins-server]
2025-09-11 13:25:53,115 p=62018 u=hemanth n=ansible | TASK [docker : Install dependencies] *********************************************************************************************
2025-09-11 13:25:56,281 p=62018 u=hemanth n=ansible | ok: [dev-jenkins-server]
2025-09-11 13:25:56,294 p=62018 u=hemanth n=ansible | TASK [docker : Add Docker’s official GPG key] ************************************************************************************
2025-09-11 13:26:00,297 p=62018 u=hemanth n=ansible | ok: [dev-jenkins-server]
2025-09-11 13:26:00,309 p=62018 u=hemanth n=ansible | TASK [docker : Set up Docker stable repository] **********************************************************************************
2025-09-11 13:26:02,437 p=62018 u=hemanth n=ansible | ok: [dev-jenkins-server]
2025-09-11 13:26:02,452 p=62018 u=hemanth n=ansible | TASK [docker : Install Docker CE] ************************************************************************************************
2025-09-11 13:26:06,200 p=62018 u=hemanth n=ansible | ok: [dev-jenkins-server]
2025-09-11 13:26:06,217 p=62018 u=hemanth n=ansible | TASK [docker : Start and enable Docker] ******************************************************************************************
2025-09-11 13:26:08,255 p=62018 u=hemanth n=ansible | ok: [dev-jenkins-server]
2025-09-11 13:26:08,271 p=62018 u=hemanth n=ansible | TASK [docker : Add users to docker group] ****************************************************************************************
2025-09-11 13:26:09,608 p=62018 u=hemanth n=ansible | ok: [dev-jenkins-server] => (item=ec2-user)
2025-09-11 13:26:09,628 p=62018 u=hemanth n=ansible | TASK [jenkins : Install Java] ****************************************************************************************************
2025-09-11 13:26:09,648 p=62018 u=hemanth n=ansible | fatal: [dev-jenkins-server]: FAILED! => {"msg": "The task includes an option with an undefined variable. The error was: 'jenkins_java_package' is undefined. 'jenkins_java_package' is undefined\n\nThe error appears to be in '/home/hemanth/Documents/Trishala/Ansible/roles/jenkins/tasks/main.yml': line 2, column 3, but may\nbe elsewhere in the file depending on the exact syntax problem.\n\nThe offending line appears to be:\n\n# Jenkins role (Ubuntu/Debian)\n- name: Install Java\n  ^ here\n"}
2025-09-11 13:26:09,649 p=62018 u=hemanth n=ansible | PLAY RECAP ***********************************************************************************************************************
2025-09-11 13:26:09,650 p=62018 u=hemanth n=ansible | dev-jenkins-server         : ok=9    changed=1    unreachable=0    failed=1    skipped=0    rescued=0    ignored=0   
2025-09-11 13:28:30,133 p=63981 u=hemanth n=ansible | PLAY [all] ***********************************************************************************************************************
2025-09-11 13:28:30,152 p=63981 u=hemanth n=ansible | TASK [Gathering Facts] ***********************************************************************************************************
2025-09-11 13:28:34,181 p=63981 u=hemanth n=ansible | ok: [dev-jenkins-server]
2025-09-11 13:28:34,219 p=63981 u=hemanth n=ansible | TASK [common : Update all packages] **********************************************************************************************
2025-09-11 13:28:36,546 p=63981 u=hemanth n=ansible | ok: [dev-jenkins-server]
2025-09-11 13:28:36,569 p=63981 u=hemanth n=ansible | TASK [common : Install required tools] *******************************************************************************************
2025-09-11 13:28:38,297 p=63981 u=hemanth n=ansible | ok: [dev-jenkins-server]
2025-09-11 13:28:38,317 p=63981 u=hemanth n=ansible | TASK [docker : Install dependencies] *********************************************************************************************
2025-09-11 13:28:41,364 p=63981 u=hemanth n=ansible | ok: [dev-jenkins-server]
2025-09-11 13:28:41,377 p=63981 u=hemanth n=ansible | TASK [docker : Add Docker’s official GPG key] ************************************************************************************
2025-09-11 13:28:42,995 p=63981 u=hemanth n=ansible | ok: [dev-jenkins-server]
2025-09-11 13:28:43,008 p=63981 u=hemanth n=ansible | TASK [docker : Set up Docker stable repository] **********************************************************************************
2025-09-11 13:28:44,551 p=63981 u=hemanth n=ansible | ok: [dev-jenkins-server]
2025-09-11 13:28:44,569 p=63981 u=hemanth n=ansible | TASK [docker : Install Docker CE] ************************************************************************************************
2025-09-11 13:28:47,606 p=63981 u=hemanth n=ansible | ok: [dev-jenkins-server]
2025-09-11 13:28:47,618 p=63981 u=hemanth n=ansible | TASK [docker : Start and enable Docker] ******************************************************************************************
2025-09-11 13:28:49,366 p=63981 u=hemanth n=ansible | ok: [dev-jenkins-server]
2025-09-11 13:28:49,390 p=63981 u=hemanth n=ansible | TASK [docker : Add users to docker group] ****************************************************************************************
2025-09-11 13:28:50,678 p=63981 u=hemanth n=ansible | ok: [dev-jenkins-server] => (item=ec2-user)
2025-09-11 13:28:50,698 p=63981 u=hemanth n=ansible | TASK [jenkins : Install Java] ****************************************************************************************************
2025-09-11 13:28:53,462 p=63981 u=hemanth n=ansible | fatal: [dev-jenkins-server]: FAILED! => {"changed": false, "msg": "No package matching 'java-11-openjdk' is available"}
2025-09-11 13:28:53,464 p=63981 u=hemanth n=ansible | PLAY RECAP ***********************************************************************************************************************
2025-09-11 13:28:53,465 p=63981 u=hemanth n=ansible | dev-jenkins-server         : ok=9    changed=0    unreachable=0    failed=1    skipped=0    rescued=0    ignored=0   
2025-09-11 13:31:28,098 p=65756 u=hemanth n=ansible | PLAY [all] ***********************************************************************************************************************
2025-09-11 13:31:28,118 p=65756 u=hemanth n=ansible | TASK [Gathering Facts] ***********************************************************************************************************
2025-09-11 13:31:32,344 p=65756 u=hemanth n=ansible | ok: [dev-jenkins-server]
2025-09-11 13:31:32,367 p=65756 u=hemanth n=ansible | TASK [jenkins : Install Java] ****************************************************************************************************
2025-09-11 13:32:05,204 p=65756 u=hemanth n=ansible | changed: [dev-jenkins-server]
2025-09-11 13:32:05,232 p=65756 u=hemanth n=ansible | TASK [jenkins : Add Jenkins key] *************************************************************************************************
2025-09-11 13:32:07,515 p=65756 u=hemanth n=ansible | changed: [dev-jenkins-server]
2025-09-11 13:32:07,533 p=65756 u=hemanth n=ansible | TASK [jenkins : Add Jenkins repo] ************************************************************************************************
2025-09-11 13:32:18,112 p=65756 u=hemanth n=ansible | changed: [dev-jenkins-server]
2025-09-11 13:32:18,135 p=65756 u=hemanth n=ansible | TASK [jenkins : Install Jenkins] *************************************************************************************************
2025-09-11 13:32:37,755 p=65756 u=hemanth n=ansible | changed: [dev-jenkins-server]
2025-09-11 13:32:37,770 p=65756 u=hemanth n=ansible | TASK [jenkins : Start and enable Jenkins] ****************************************************************************************
2025-09-11 13:32:39,726 p=65756 u=hemanth n=ansible | fatal: [dev-jenkins-server]: FAILED! => {"changed": false, "msg": "Unable to start service jenkins: Job for jenkins.service failed because the control process exited with error code.\nSee \"systemctl status jenkins.service\" and \"journalctl -xeu jenkins.service\" for details.\n"}
2025-09-11 13:32:39,731 p=65756 u=hemanth n=ansible | PLAY RECAP ***********************************************************************************************************************
2025-09-11 13:32:39,731 p=65756 u=hemanth n=ansible | dev-jenkins-server         : ok=5    changed=4    unreachable=0    failed=1    skipped=0    rescued=0    ignored=0   
2025-09-11 14:04:04,165 p=84081 u=hemanth n=ansible | PLAY [all] ***********************************************************************************************************************
2025-09-11 14:04:04,186 p=84081 u=hemanth n=ansible | TASK [Gathering Facts] ***********************************************************************************************************
2025-09-11 14:04:07,851 p=84081 u=hemanth n=ansible | ok: [dev-jenkins-server]
2025-09-11 14:04:07,874 p=84081 u=hemanth n=ansible | TASK [jenkins : Install Jenkins] *************************************************************************************************
2025-09-11 14:04:11,379 p=84081 u=hemanth n=ansible | ok: [dev-jenkins-server]
2025-09-11 14:04:11,414 p=84081 u=hemanth n=ansible | PLAY RECAP ***********************************************************************************************************************
2025-09-11 14:04:11,415 p=84081 u=hemanth n=ansible | dev-jenkins-server         : ok=2    changed=0    unreachable=0    failed=0    skipped=0    rescued=0    ignored=0   
2025-09-11 14:05:11,167 p=84704 u=hemanth n=ansible | PLAY [all] ***********************************************************************************************************************
2025-09-11 14:05:11,183 p=84704 u=hemanth n=ansible | TASK [Gathering Facts] ***********************************************************************************************************
2025-09-11 14:05:14,928 p=84704 u=hemanth n=ansible | ok: [dev-jenkins-server]
2025-09-11 14:05:14,965 p=84704 u=hemanth n=ansible | TASK [common : Update all packages] **********************************************************************************************
2025-09-11 14:05:17,245 p=84704 u=hemanth n=ansible | ok: [dev-jenkins-server]
2025-09-11 14:05:17,260 p=84704 u=hemanth n=ansible | TASK [common : Install required tools] *******************************************************************************************
2025-09-11 14:05:18,951 p=84704 u=hemanth n=ansible | ok: [dev-jenkins-server]
2025-09-11 14:05:18,968 p=84704 u=hemanth n=ansible | TASK [docker : Install dependencies] *********************************************************************************************
2025-09-11 14:05:22,456 p=84704 u=hemanth n=ansible | ok: [dev-jenkins-server]
2025-09-11 14:05:22,468 p=84704 u=hemanth n=ansible | TASK [docker : Add Docker’s official GPG key] ************************************************************************************
2025-09-11 14:05:24,003 p=84704 u=hemanth n=ansible | ok: [dev-jenkins-server]
2025-09-11 14:05:24,019 p=84704 u=hemanth n=ansible | TASK [docker : Set up Docker stable repository] **********************************************************************************
2025-09-11 14:05:25,944 p=84704 u=hemanth n=ansible | ok: [dev-jenkins-server]
2025-09-11 14:05:25,961 p=84704 u=hemanth n=ansible | TASK [docker : Install Docker CE] ************************************************************************************************
2025-09-11 14:05:29,217 p=84704 u=hemanth n=ansible | ok: [dev-jenkins-server]
2025-09-11 14:05:29,233 p=84704 u=hemanth n=ansible | TASK [docker : Start and enable Docker] ******************************************************************************************
2025-09-11 14:05:30,874 p=84704 u=hemanth n=ansible | ok: [dev-jenkins-server]
2025-09-11 14:05:30,890 p=84704 u=hemanth n=ansible | TASK [docker : Add users to docker group] ****************************************************************************************
2025-09-11 14:05:32,301 p=84704 u=hemanth n=ansible | ok: [dev-jenkins-server] => (item=ec2-user)
2025-09-11 14:05:32,322 p=84704 u=hemanth n=ansible | TASK [jenkins : Install Java] ****************************************************************************************************
2025-09-11 14:05:35,793 p=84704 u=hemanth n=ansible | ok: [dev-jenkins-server]
2025-09-11 14:05:35,806 p=84704 u=hemanth n=ansible | TASK [jenkins : Add Jenkins key] *************************************************************************************************
2025-09-11 14:05:37,219 p=84704 u=hemanth n=ansible | ok: [dev-jenkins-server]
2025-09-11 14:05:37,228 p=84704 u=hemanth n=ansible | TASK [jenkins : Add Jenkins repo] ************************************************************************************************
2025-09-11 14:05:38,857 p=84704 u=hemanth n=ansible | ok: [dev-jenkins-server]
2025-09-11 14:05:38,867 p=84704 u=hemanth n=ansible | TASK [jenkins : Install Jenkins] *************************************************************************************************
2025-09-11 14:05:41,925 p=84704 u=hemanth n=ansible | ok: [dev-jenkins-server]
2025-09-11 14:05:41,963 p=84704 u=hemanth n=ansible | PLAY RECAP ***********************************************************************************************************************
2025-09-11 14:05:41,964 p=84704 u=hemanth n=ansible | dev-jenkins-server         : ok=13   changed=0    unreachable=0    failed=0    skipped=0    rescued=0    ignored=0   
2025-09-11 14:15:30,317 p=90722 u=hemanth n=ansible | PLAY [all] ***********************************************************************************************************************
2025-09-11 14:15:30,336 p=90722 u=hemanth n=ansible | TASK [Gathering Facts] ***********************************************************************************************************
2025-09-11 14:15:34,761 p=90722 u=hemanth n=ansible | ok: [dev-jenkins-server]
2025-09-11 14:15:34,787 p=90722 u=hemanth n=ansible | TASK [common : Update all packages] **********************************************************************************************
2025-09-11 14:15:37,071 p=90722 u=hemanth n=ansible | ok: [dev-jenkins-server]
2025-09-11 14:15:37,082 p=90722 u=hemanth n=ansible | TASK [common : Install required tools] *******************************************************************************************
2025-09-11 14:15:38,814 p=90722 u=hemanth n=ansible | ok: [dev-jenkins-server]
2025-09-11 14:15:38,833 p=90722 u=hemanth n=ansible | TASK [docker : Install dependencies] *********************************************************************************************
2025-09-11 14:15:42,191 p=90722 u=hemanth n=ansible | ok: [dev-jenkins-server]
2025-09-11 14:15:42,202 p=90722 u=hemanth n=ansible | TASK [docker : Add Docker’s official GPG key] ************************************************************************************
2025-09-11 14:15:43,830 p=90722 u=hemanth n=ansible | ok: [dev-jenkins-server]
2025-09-11 14:15:43,845 p=90722 u=hemanth n=ansible | TASK [docker : Set up Docker stable repository] **********************************************************************************
2025-09-11 14:15:45,678 p=90722 u=hemanth n=ansible | ok: [dev-jenkins-server]
2025-09-11 14:15:45,691 p=90722 u=hemanth n=ansible | TASK [docker : Install Docker CE] ************************************************************************************************
2025-09-11 14:15:49,079 p=90722 u=hemanth n=ansible | ok: [dev-jenkins-server]
2025-09-11 14:15:49,089 p=90722 u=hemanth n=ansible | TASK [docker : Start and enable Docker] ******************************************************************************************
2025-09-11 14:15:51,343 p=90722 u=hemanth n=ansible | ok: [dev-jenkins-server]
2025-09-11 14:15:51,358 p=90722 u=hemanth n=ansible | TASK [docker : Add users to docker group] ****************************************************************************************
2025-09-11 14:15:52,757 p=90722 u=hemanth n=ansible | ok: [dev-jenkins-server] => (item=ec2-user)
2025-09-11 14:15:52,790 p=90722 u=hemanth n=ansible | TASK [jenkins : Install Java] ****************************************************************************************************
2025-09-11 14:15:56,130 p=90722 u=hemanth n=ansible | ok: [dev-jenkins-server]
2025-09-11 14:15:56,142 p=90722 u=hemanth n=ansible | TASK [jenkins : Add Jenkins key] *************************************************************************************************
2025-09-11 14:15:57,742 p=90722 u=hemanth n=ansible | ok: [dev-jenkins-server]
2025-09-11 14:15:57,757 p=90722 u=hemanth n=ansible | TASK [jenkins : Add Jenkins repository] ******************************************************************************************
2025-09-11 14:15:59,122 p=90722 u=hemanth n=ansible | ok: [dev-jenkins-server]
2025-09-11 14:15:59,133 p=90722 u=hemanth n=ansible | TASK [jenkins : Update apt cache] ************************************************************************************************
2025-09-11 14:16:02,254 p=90722 u=hemanth n=ansible | changed: [dev-jenkins-server]
2025-09-11 14:16:02,270 p=90722 u=hemanth n=ansible | TASK [jenkins : Install Jenkins] *************************************************************************************************
2025-09-11 14:16:04,138 p=90722 u=hemanth n=ansible | ok: [dev-jenkins-server]
2025-09-11 14:16:04,154 p=90722 u=hemanth n=ansible | TASK [jenkins : Configure Jenkins environment] ***********************************************************************************
2025-09-11 14:16:07,155 p=90722 u=hemanth n=ansible | changed: [dev-jenkins-server]
2025-09-11 14:16:07,168 p=90722 u=hemanth n=ansible | TASK [jenkins : Ensure Jenkins home directory exists] ****************************************************************************
2025-09-11 14:16:08,802 p=90722 u=hemanth n=ansible | ok: [dev-jenkins-server]
2025-09-11 14:16:08,817 p=90722 u=hemanth n=ansible | TASK [jenkins : Start and enable Jenkins] ****************************************************************************************
2025-09-11 14:16:11,377 p=90722 u=hemanth n=ansible | fatal: [dev-jenkins-server]: FAILED! => {"changed": false, "msg": "Unable to start service jenkins: Job for jenkins.service failed because the control process exited with error code.\nSee \"systemctl status jenkins.service\" and \"journalctl -xeu jenkins.service\" for details.\n"}
2025-09-11 14:16:11,381 p=90722 u=hemanth n=ansible | PLAY RECAP ***********************************************************************************************************************
2025-09-11 14:16:11,382 p=90722 u=hemanth n=ansible | dev-jenkins-server         : ok=16   changed=2    unreachable=0    failed=1    skipped=0    rescued=0    ignored=0   
2025-09-11 14:24:37,767 p=96069 u=hemanth n=ansible | PLAY [all] ***********************************************************************************************************************************************************************************
2025-09-11 14:24:37,784 p=96069 u=hemanth n=ansible | TASK [Gathering Facts] ***********************************************************************************************************************************************************************
2025-09-11 14:24:41,568 p=96069 u=hemanth n=ansible | ok: [dev-jenkins-server]
2025-09-11 14:24:41,604 p=96069 u=hemanth n=ansible | TASK [common : Update all packages] **********************************************************************************************************************************************************
2025-09-11 14:24:44,086 p=96069 u=hemanth n=ansible | ok: [dev-jenkins-server]
2025-09-11 14:24:44,097 p=96069 u=hemanth n=ansible | TASK [common : Install required tools] *******************************************************************************************************************************************************
2025-09-11 14:24:45,819 p=96069 u=hemanth n=ansible | ok: [dev-jenkins-server]
2025-09-11 14:24:45,841 p=96069 u=hemanth n=ansible | TASK [docker : Install dependencies] *********************************************************************************************************************************************************
2025-09-11 14:24:49,099 p=96069 u=hemanth n=ansible | ok: [dev-jenkins-server]
2025-09-11 14:24:49,119 p=96069 u=hemanth n=ansible | TASK [docker : Add Docker’s official GPG key] ************************************************************************************************************************************************
2025-09-11 14:24:50,701 p=96069 u=hemanth n=ansible | ok: [dev-jenkins-server]
2025-09-11 14:24:50,723 p=96069 u=hemanth n=ansible | TASK [docker : Set up Docker stable repository] **********************************************************************************************************************************************
2025-09-11 14:24:52,284 p=96069 u=hemanth n=ansible | ok: [dev-jenkins-server]
2025-09-11 14:24:52,299 p=96069 u=hemanth n=ansible | TASK [docker : Install Docker CE] ************************************************************************************************************************************************************
2025-09-11 14:24:55,548 p=96069 u=hemanth n=ansible | ok: [dev-jenkins-server]
2025-09-11 14:24:55,575 p=96069 u=hemanth n=ansible | TASK [docker : Start and enable Docker] ******************************************************************************************************************************************************
2025-09-11 14:24:57,301 p=96069 u=hemanth n=ansible | ok: [dev-jenkins-server]
2025-09-11 14:24:57,321 p=96069 u=hemanth n=ansible | TASK [docker : Add users to docker group] ****************************************************************************************************************************************************
2025-09-11 14:24:58,731 p=96069 u=hemanth n=ansible | ok: [dev-jenkins-server] => (item=ec2-user)
2025-09-11 14:24:58,752 p=96069 u=hemanth n=ansible | TASK [jenkins : Install Java] ****************************************************************************************************************************************************************
2025-09-11 14:25:02,491 p=96069 u=hemanth n=ansible | ok: [dev-jenkins-server]
2025-09-11 14:25:02,502 p=96069 u=hemanth n=ansible | TASK [jenkins : Add Jenkins key] *************************************************************************************************************************************************************
2025-09-11 14:25:05,108 p=96069 u=hemanth n=ansible | ok: [dev-jenkins-server]
2025-09-11 14:25:05,118 p=96069 u=hemanth n=ansible | TASK [jenkins : Add Jenkins repository] ******************************************************************************************************************************************************
2025-09-11 14:25:06,617 p=96069 u=hemanth n=ansible | ok: [dev-jenkins-server]
2025-09-11 14:25:06,633 p=96069 u=hemanth n=ansible | TASK [jenkins : Update apt cache] ************************************************************************************************************************************************************
2025-09-11 14:25:09,521 p=96069 u=hemanth n=ansible | changed: [dev-jenkins-server]
2025-09-11 14:25:09,540 p=96069 u=hemanth n=ansible | TASK [jenkins : Install Jenkins] *************************************************************************************************************************************************************
2025-09-11 14:25:11,336 p=96069 u=hemanth n=ansible | ok: [dev-jenkins-server]
2025-09-11 14:25:11,347 p=96069 u=hemanth n=ansible | TASK [jenkins : Ensure Jenkins home directory exists] ****************************************************************************************************************************************
2025-09-11 14:25:12,660 p=96069 u=hemanth n=ansible | ok: [dev-jenkins-server]
2025-09-11 14:25:12,678 p=96069 u=hemanth n=ansible | TASK [jenkins : Configure Jenkins environment] ***********************************************************************************************************************************************
2025-09-11 14:25:14,801 p=96069 u=hemanth n=ansible | ok: [dev-jenkins-server]
2025-09-11 14:25:14,815 p=96069 u=hemanth n=ansible | TASK [jenkins : Start and enable Jenkins] ****************************************************************************************************************************************************
2025-09-11 14:25:16,658 p=96069 u=hemanth n=ansible | fatal: [dev-jenkins-server]: FAILED! => {"changed": false, "msg": "Unable to start service jenkins: Job for jenkins.service failed because the control process exited with error code.\nSee \"systemctl status jenkins.service\" and \"journalctl -xeu jenkins.service\" for details.\n"}
2025-09-11 14:25:16,661 p=96069 u=hemanth n=ansible | PLAY RECAP ***********************************************************************************************************************************************************************************
2025-09-11 14:25:16,661 p=96069 u=hemanth n=ansible | dev-jenkins-server         : ok=16   changed=1    unreachable=0    failed=1    skipped=0    rescued=0    ignored=0   
2025-09-11 14:33:40,037 p=101170 u=hemanth n=ansible | PLAY [all] ***********************************************************************************************************************************************************************************
2025-09-11 14:33:40,058 p=101170 u=hemanth n=ansible | TASK [Gathering Facts] ***********************************************************************************************************************************************************************
2025-09-11 14:33:47,456 p=101170 u=hemanth n=ansible | ok: [dev-jenkins-server]
2025-09-11 14:33:47,487 p=101170 u=hemanth n=ansible | TASK [common : Update all packages] **********************************************************************************************************************************************************
2025-09-11 14:33:50,302 p=101170 u=hemanth n=ansible | ok: [dev-jenkins-server]
2025-09-11 14:33:50,313 p=101170 u=hemanth n=ansible | TASK [common : Install required tools] *******************************************************************************************************************************************************
2025-09-11 14:33:56,387 p=101170 u=hemanth n=ansible | ok: [dev-jenkins-server]
2025-09-11 14:33:56,412 p=101170 u=hemanth n=ansible | TASK [docker : Install dependencies] *********************************************************************************************************************************************************
2025-09-11 14:34:02,653 p=101170 u=hemanth n=ansible | ok: [dev-jenkins-server]
2025-09-11 14:34:02,663 p=101170 u=hemanth n=ansible | TASK [docker : Add Docker’s official GPG key] ************************************************************************************************************************************************
2025-09-11 14:34:13,258 p=101170 u=hemanth n=ansible | ok: [dev-jenkins-server]
2025-09-11 14:34:13,277 p=101170 u=hemanth n=ansible | TASK [docker : Set up Docker stable repository] **********************************************************************************************************************************************
2025-09-11 14:34:15,636 p=101170 u=hemanth n=ansible | ok: [dev-jenkins-server]
2025-09-11 14:34:15,654 p=101170 u=hemanth n=ansible | TASK [docker : Install Docker CE] ************************************************************************************************************************************************************
2025-09-11 14:34:21,451 p=101170 u=hemanth n=ansible | ok: [dev-jenkins-server]
2025-09-11 14:34:21,465 p=101170 u=hemanth n=ansible | TASK [docker : Start and enable Docker] ******************************************************************************************************************************************************
2025-09-11 14:34:23,849 p=101170 u=hemanth n=ansible | ok: [dev-jenkins-server]
2025-09-11 14:34:23,873 p=101170 u=hemanth n=ansible | TASK [docker : Add users to docker group] ****************************************************************************************************************************************************
2025-09-11 14:34:25,333 p=101170 u=hemanth n=ansible | ok: [dev-jenkins-server] => (item=ec2-user)
2025-09-11 14:34:25,355 p=101170 u=hemanth n=ansible | TASK [jenkins : Install Java] ****************************************************************************************************************************************************************
2025-09-11 14:34:28,615 p=101170 u=hemanth n=ansible | ok: [dev-jenkins-server]
2025-09-11 14:34:28,626 p=101170 u=hemanth n=ansible | TASK [jenkins : Add Jenkins key] *************************************************************************************************************************************************************
2025-09-11 14:34:30,439 p=101170 u=hemanth n=ansible | ok: [dev-jenkins-server]
2025-09-11 14:34:30,458 p=101170 u=hemanth n=ansible | TASK [jenkins : Add Jenkins repository] ******************************************************************************************************************************************************
2025-09-11 14:34:31,891 p=101170 u=hemanth n=ansible | ok: [dev-jenkins-server]
2025-09-11 14:34:31,909 p=101170 u=hemanth n=ansible | TASK [jenkins : Update apt cache] ************************************************************************************************************************************************************
2025-09-11 14:34:36,353 p=101170 u=hemanth n=ansible | changed: [dev-jenkins-server]
2025-09-11 14:34:36,367 p=101170 u=hemanth n=ansible | TASK [jenkins : Install Jenkins] *************************************************************************************************************************************************************
2025-09-11 14:34:38,971 p=101170 u=hemanth n=ansible | ok: [dev-jenkins-server]
2025-09-11 14:34:38,982 p=101170 u=hemanth n=ansible | TASK [jenkins : Ensure Jenkins home directory exists] ****************************************************************************************************************************************
2025-09-11 14:34:40,597 p=101170 u=hemanth n=ansible | ok: [dev-jenkins-server]
2025-09-11 14:34:40,614 p=101170 u=hemanth n=ansible | TASK [jenkins : Configure Jenkins environment] ***********************************************************************************************************************************************
2025-09-11 14:34:44,469 p=101170 u=hemanth n=ansible | ok: [dev-jenkins-server]
2025-09-11 14:34:44,486 p=101170 u=hemanth n=ansible | TASK [jenkins : Start and enable Jenkins] ****************************************************************************************************************************************************
2025-09-11 14:34:46,622 p=101170 u=hemanth n=ansible | fatal: [dev-jenkins-server]: FAILED! => {"changed": false, "msg": "Unable to start service jenkins: Job for jenkins.service failed because the control process exited with error code.\nSee \"systemctl status jenkins.service\" and \"journalctl -xeu jenkins.service\" for details.\n"}
2025-09-11 14:34:46,625 p=101170 u=hemanth n=ansible | PLAY RECAP ***********************************************************************************************************************************************************************************
2025-09-11 14:34:46,626 p=101170 u=hemanth n=ansible | dev-jenkins-server         : ok=16   changed=1    unreachable=0    failed=1    skipped=0    rescued=0    ignored=0   
2025-09-11 14:46:05,293 p=108353 u=hemanth n=ansible | PLAY [all] ***********************************************************************************************************************************************************************************
2025-09-11 14:46:05,315 p=108353 u=hemanth n=ansible | TASK [Gathering Facts] ***********************************************************************************************************************************************************************
2025-09-11 14:46:10,210 p=108353 u=hemanth n=ansible | ok: [dev-jenkins-server]
2025-09-11 14:46:10,268 p=108353 u=hemanth n=ansible | TASK [common : Update all packages] **********************************************************************************************************************************************************
2025-09-11 14:46:12,959 p=108353 u=hemanth n=ansible | ok: [dev-jenkins-server]
2025-09-11 14:46:12,976 p=108353 u=hemanth n=ansible | TASK [common : Install required tools] *******************************************************************************************************************************************************
2025-09-11 14:46:16,767 p=108353 u=hemanth n=ansible | ok: [dev-jenkins-server]
2025-09-11 14:46:16,789 p=108353 u=hemanth n=ansible | TASK [docker : Install dependencies] *********************************************************************************************************************************************************
2025-09-11 14:46:20,973 p=108353 u=hemanth n=ansible | ok: [dev-jenkins-server]
2025-09-11 14:46:20,984 p=108353 u=hemanth n=ansible | TASK [docker : Add Docker’s official GPG key] ************************************************************************************************************************************************
2025-09-11 14:46:23,096 p=108353 u=hemanth n=ansible | ok: [dev-jenkins-server]
2025-09-11 14:46:23,110 p=108353 u=hemanth n=ansible | TASK [docker : Set up Docker stable repository] **********************************************************************************************************************************************
2025-09-11 14:46:27,937 p=108353 u=hemanth n=ansible | ok: [dev-jenkins-server]
2025-09-11 14:46:27,949 p=108353 u=hemanth n=ansible | TASK [docker : Install Docker CE] ************************************************************************************************************************************************************
2025-09-11 14:46:32,024 p=108353 u=hemanth n=ansible | ok: [dev-jenkins-server]
2025-09-11 14:46:32,041 p=108353 u=hemanth n=ansible | TASK [docker : Start and enable Docker] ******************************************************************************************************************************************************
2025-09-11 14:46:34,184 p=108353 u=hemanth n=ansible | ok: [dev-jenkins-server]
2025-09-11 14:46:34,204 p=108353 u=hemanth n=ansible | TASK [docker : Add users to docker group] ****************************************************************************************************************************************************
2025-09-11 14:46:35,827 p=108353 u=hemanth n=ansible | changed: [dev-jenkins-server] => (item=ubuntu)
2025-09-11 14:46:35,850 p=108353 u=hemanth n=ansible | TASK [jenkins : Install Java] ****************************************************************************************************************************************************************
2025-09-11 14:46:39,490 p=108353 u=hemanth n=ansible | ok: [dev-jenkins-server]
2025-09-11 14:46:39,501 p=108353 u=hemanth n=ansible | TASK [jenkins : Add Jenkins key] *************************************************************************************************************************************************************
2025-09-11 14:46:41,274 p=108353 u=hemanth n=ansible | ok: [dev-jenkins-server]
2025-09-11 14:46:41,287 p=108353 u=hemanth n=ansible | TASK [jenkins : Add Jenkins repository] ******************************************************************************************************************************************************
2025-09-11 14:46:43,227 p=108353 u=hemanth n=ansible | ok: [dev-jenkins-server]
2025-09-11 14:46:43,237 p=108353 u=hemanth n=ansible | TASK [jenkins : Update apt cache] ************************************************************************************************************************************************************
2025-09-11 14:46:47,579 p=108353 u=hemanth n=ansible | changed: [dev-jenkins-server]
2025-09-11 14:46:47,590 p=108353 u=hemanth n=ansible | TASK [jenkins : Install Jenkins] *************************************************************************************************************************************************************
2025-09-11 14:46:49,702 p=108353 u=hemanth n=ansible | ok: [dev-jenkins-server]
2025-09-11 14:46:49,714 p=108353 u=hemanth n=ansible | TASK [jenkins : Ensure Jenkins home directory exists] ****************************************************************************************************************************************
2025-09-11 14:46:54,256 p=108353 u=hemanth n=ansible | ok: [dev-jenkins-server]
2025-09-11 14:46:54,273 p=108353 u=hemanth n=ansible | TASK [jenkins : Configure Jenkins environment] ***********************************************************************************************************************************************
2025-09-11 14:46:57,980 p=108353 u=hemanth n=ansible | ok: [dev-jenkins-server]
2025-09-11 14:46:57,991 p=108353 u=hemanth n=ansible | TASK [jenkins : Set JAVA_HOME in Jenkins systemd service] ************************************************************************************************************************************
2025-09-11 14:46:59,562 p=108353 u=hemanth n=ansible | ERROR! The requested handler 'restart jenkins' was not found in either the main handlers list nor in the listening handlers list
2025-09-11 15:00:36,796 p=116463 u=hemanth n=ansible | PLAY [all] ***********************************************************************************************************************************************************************************
2025-09-11 15:00:36,816 p=116463 u=hemanth n=ansible | TASK [Gathering Facts] ***********************************************************************************************************************************************************************
2025-09-11 15:00:40,551 p=116463 u=hemanth n=ansible | ok: [dev-jenkins-server]
2025-09-11 15:00:40,588 p=116463 u=hemanth n=ansible | TASK [common : Update all packages] **********************************************************************************************************************************************************
2025-09-11 15:00:42,941 p=116463 u=hemanth n=ansible | ok: [dev-jenkins-server]
2025-09-11 15:00:42,959 p=116463 u=hemanth n=ansible | TASK [common : Install required tools] *******************************************************************************************************************************************************
2025-09-11 15:00:44,804 p=116463 u=hemanth n=ansible | ok: [dev-jenkins-server]
2025-09-11 15:00:44,828 p=116463 u=hemanth n=ansible | TASK [docker : Install dependencies] *********************************************************************************************************************************************************
2025-09-11 15:00:48,189 p=116463 u=hemanth n=ansible | ok: [dev-jenkins-server]
2025-09-11 15:00:48,200 p=116463 u=hemanth n=ansible | TASK [docker : Add Docker’s official GPG key] ************************************************************************************************************************************************
2025-09-11 15:00:50,149 p=116463 u=hemanth n=ansible | ok: [dev-jenkins-server]
2025-09-11 15:00:50,171 p=116463 u=hemanth n=ansible | TASK [docker : Set up Docker stable repository] **********************************************************************************************************************************************
2025-09-11 15:00:51,763 p=116463 u=hemanth n=ansible | ok: [dev-jenkins-server]
2025-09-11 15:00:51,778 p=116463 u=hemanth n=ansible | TASK [docker : Install Docker CE] ************************************************************************************************************************************************************
2025-09-11 15:00:55,123 p=116463 u=hemanth n=ansible | ok: [dev-jenkins-server]
2025-09-11 15:00:55,139 p=116463 u=hemanth n=ansible | TASK [docker : Start and enable Docker] ******************************************************************************************************************************************************
2025-09-11 15:00:57,280 p=116463 u=hemanth n=ansible | ok: [dev-jenkins-server]
2025-09-11 15:00:57,308 p=116463 u=hemanth n=ansible | TASK [docker : Add users to docker group] ****************************************************************************************************************************************************
2025-09-11 15:00:58,875 p=116463 u=hemanth n=ansible | ok: [dev-jenkins-server] => (item=ubuntu)
2025-09-11 15:00:58,903 p=116463 u=hemanth n=ansible | TASK [jenkins : Install Java] ****************************************************************************************************************************************************************
2025-09-11 15:01:02,352 p=116463 u=hemanth n=ansible | ok: [dev-jenkins-server]
2025-09-11 15:01:02,372 p=116463 u=hemanth n=ansible | TASK [jenkins : Add Jenkins key] *************************************************************************************************************************************************************
2025-09-11 15:01:04,026 p=116463 u=hemanth n=ansible | ok: [dev-jenkins-server]
2025-09-11 15:01:04,047 p=116463 u=hemanth n=ansible | TASK [jenkins : Add Jenkins repository] ******************************************************************************************************************************************************
2025-09-11 15:01:05,393 p=116463 u=hemanth n=ansible | ok: [dev-jenkins-server]
2025-09-11 15:01:05,404 p=116463 u=hemanth n=ansible | TASK [jenkins : Update apt cache] ************************************************************************************************************************************************************
2025-09-11 15:01:08,538 p=116463 u=hemanth n=ansible | changed: [dev-jenkins-server]
2025-09-11 15:01:08,551 p=116463 u=hemanth n=ansible | TASK [jenkins : Install Jenkins] *************************************************************************************************************************************************************
2025-09-11 15:01:10,444 p=116463 u=hemanth n=ansible | ok: [dev-jenkins-server]
2025-09-11 15:01:10,461 p=116463 u=hemanth n=ansible | TASK [jenkins : Ensure Jenkins home directory exists] ****************************************************************************************************************************************
2025-09-11 15:01:13,053 p=116463 u=hemanth n=ansible | ok: [dev-jenkins-server]
2025-09-11 15:01:13,067 p=116463 u=hemanth n=ansible | TASK [jenkins : Configure Jenkins environment] ***********************************************************************************************************************************************
2025-09-11 15:01:16,591 p=116463 u=hemanth n=ansible | ok: [dev-jenkins-server]
2025-09-11 15:01:16,606 p=116463 u=hemanth n=ansible | TASK [jenkins : Set JAVA_HOME in Jenkins systemd service] ************************************************************************************************************************************
2025-09-11 15:01:19,332 p=116463 u=hemanth n=ansible | ok: [dev-jenkins-server]
2025-09-11 15:01:19,381 p=116463 u=hemanth n=ansible | PLAY RECAP ***********************************************************************************************************************************************************************************
2025-09-11 15:01:19,382 p=116463 u=hemanth n=ansible | dev-jenkins-server         : ok=17   changed=1    unreachable=0    failed=0    skipped=0    rescued=0    ignored=0   
2025-09-11 15:05:11,706 p=119082 u=hemanth n=ansible | PLAY [all] ***********************************************************************************************************************************************************************************
2025-09-11 15:05:11,730 p=119082 u=hemanth n=ansible | TASK [Gathering Facts] ***********************************************************************************************************************************************************************
2025-09-11 15:05:16,477 p=119082 u=hemanth n=ansible | ok: [dev-jenkins-server]
2025-09-11 15:05:16,514 p=119082 u=hemanth n=ansible | TASK [common : Update all packages] **********************************************************************************************************************************************************
2025-09-11 15:05:19,231 p=119082 u=hemanth n=ansible | ok: [dev-jenkins-server]
2025-09-11 15:05:19,255 p=119082 u=hemanth n=ansible | TASK [common : Install required tools] *******************************************************************************************************************************************************
2025-09-11 15:05:22,617 p=119082 u=hemanth n=ansible | ok: [dev-jenkins-server]
2025-09-11 15:05:22,646 p=119082 u=hemanth n=ansible | TASK [docker : Install dependencies] *********************************************************************************************************************************************************
2025-09-11 15:05:25,912 p=119082 u=hemanth n=ansible | ok: [dev-jenkins-server]
2025-09-11 15:05:25,927 p=119082 u=hemanth n=ansible | TASK [docker : Add Docker’s official GPG key] ************************************************************************************************************************************************
2025-09-11 15:05:27,925 p=119082 u=hemanth n=ansible | ok: [dev-jenkins-server]
2025-09-11 15:05:27,939 p=119082 u=hemanth n=ansible | TASK [docker : Set up Docker stable repository] **********************************************************************************************************************************************
2025-09-11 15:05:29,543 p=119082 u=hemanth n=ansible | ok: [dev-jenkins-server]
2025-09-11 15:05:29,556 p=119082 u=hemanth n=ansible | TASK [docker : Install Docker CE] ************************************************************************************************************************************************************
2025-09-11 15:05:32,980 p=119082 u=hemanth n=ansible | ok: [dev-jenkins-server]
2025-09-11 15:05:32,997 p=119082 u=hemanth n=ansible | TASK [docker : Start and enable Docker] ******************************************************************************************************************************************************
2025-09-11 15:05:35,102 p=119082 u=hemanth n=ansible | ok: [dev-jenkins-server]
2025-09-11 15:05:35,120 p=119082 u=hemanth n=ansible | TASK [docker : Add users to docker group] ****************************************************************************************************************************************************
2025-09-11 15:05:36,980 p=119082 u=hemanth n=ansible | ok: [dev-jenkins-server] => (item=ubuntu)
2025-09-11 15:05:37,012 p=119082 u=hemanth n=ansible | TASK [jenkins : Install Java] ****************************************************************************************************************************************************************
2025-09-11 15:05:40,756 p=119082 u=hemanth n=ansible | ok: [dev-jenkins-server]
2025-09-11 15:05:40,768 p=119082 u=hemanth n=ansible | TASK [jenkins : Add Jenkins key] *************************************************************************************************************************************************************
2025-09-11 15:05:42,571 p=119082 u=hemanth n=ansible | ok: [dev-jenkins-server]
2025-09-11 15:05:42,583 p=119082 u=hemanth n=ansible | TASK [jenkins : Add Jenkins repository] ******************************************************************************************************************************************************
2025-09-11 15:05:43,955 p=119082 u=hemanth n=ansible | ok: [dev-jenkins-server]
2025-09-11 15:05:43,967 p=119082 u=hemanth n=ansible | TASK [jenkins : Update apt cache] ************************************************************************************************************************************************************
2025-09-11 15:05:47,168 p=119082 u=hemanth n=ansible | changed: [dev-jenkins-server]
2025-09-11 15:05:47,189 p=119082 u=hemanth n=ansible | TASK [jenkins : Install Jenkins] *************************************************************************************************************************************************************
2025-09-11 15:05:49,478 p=119082 u=hemanth n=ansible | ok: [dev-jenkins-server]
2025-09-11 15:05:49,489 p=119082 u=hemanth n=ansible | TASK [jenkins : Ensure Jenkins home directory exists] ****************************************************************************************************************************************
2025-09-11 15:05:51,168 p=119082 u=hemanth n=ansible | ok: [dev-jenkins-server]
2025-09-11 15:05:51,186 p=119082 u=hemanth n=ansible | TASK [jenkins : Configure Jenkins environment] ***********************************************************************************************************************************************
2025-09-11 15:05:53,780 p=119082 u=hemanth n=ansible | ok: [dev-jenkins-server]
2025-09-11 15:05:53,794 p=119082 u=hemanth n=ansible | TASK [jenkins : Set JAVA_HOME in Jenkins systemd service] ************************************************************************************************************************************
2025-09-11 15:05:55,291 p=119082 u=hemanth n=ansible | ok: [dev-jenkins-server]
2025-09-11 15:05:55,335 p=119082 u=hemanth n=ansible | PLAY RECAP ***********************************************************************************************************************************************************************************
2025-09-11 15:05:55,335 p=119082 u=hemanth n=ansible | dev-jenkins-server         : ok=17   changed=1    unreachable=0    failed=0    skipped=0    rescued=0    ignored=0   
